<?xml version="1.0" encoding="UTF-8" ?>
<testsuite tests="4" failures="0" name="com.coinmarketadvisor.library.model.CryptoCurrencyTest" time="0.13" errors="0" skipped="0">
  <properties>
[...]
</properties>
  <testcase classname="com.coinmarketadvisor.library.model.CryptoCurrencyTest" name="givenATimeStampGraterTimestampThanTheCurrentTimestamp_whenTryingToCreateACryptoCurrencyObjectWithIt_itShouldThrowAnIllegalStateException" time="0.13"/>
  <testcase classname="com.coinmarketadvisor.library.model.CryptoCurrencyTest" name="givenAnEmptyCurrencyName_whenTryingToCreateACryptoCurrencyObjectWithIt_itShouldThrowAnIllegalStateException" time="0"/>
  <testcase classname="com.coinmarketadvisor.library.model.CryptoCurrencyTest" name="givenANegativePrice_whenTryingToCreateACryptoCurrencyObjectWithIt_itShouldThrowAnIllegalStateException" time="0"/>
  <testcase classname="com.coinmarketadvisor.library.model.CryptoCurrencyTest" name="givenAnEmptyCurrencySymbol_whenTryingToCreateACryptoCurrencyObjectWithIt_itShouldThrowAnIllegalStateException" time="0"/>
</testsuite>